Removed Pin From Net: NetName=GND Pin=C4-1
Removed Pin From Net: NetName=IN1 Pin=JP1-13
Removed Member From Class: ClassName=FAT42 Member=C4
Change Component Footprint: Designator=R29 Old Footprint=_1206 New Footprint=_0603
Change Component Footprint: Designator=R24 Old Footprint=_1206 New Footprint=_0603
Change Component Footprint: Designator=R23 Old Footprint=_1206 New Footprint=_0603
Change Component Footprint: Designator=R22 Old Footprint=_1206 New Footprint=_0603
Change Component Footprint: Designator=R16 Old Footprint=_1206 New Footprint=_0603
Change Component Footprint: Designator=R7 Old Footprint=_1206 New Footprint=_0603
Change Component Footprint: Designator=R6 Old Footprint=_1206 New Footprint=_0603
Change Component Footprint: Designator=R5 Old Footprint=_1206 New Footprint=_0603
Change Component Footprint: Designator=R4 Old Footprint=_1206 New Footprint=_0603
Change Component Footprint: Designator=C24 Old Footprint=_1206 New Footprint=_0603
Change Component Footprint: Designator=C17 Old Footprint=_1206 New Footprint=_0603
Change Component Footprint: Designator=C14 Old Footprint=_1206 New Footprint=_0603
Change Component Footprint: Designator=C13 Old Footprint=_1206 New Footprint=_0603
Change Component Footprint: Designator=C12 Old Footprint=_1206 New Footprint=_0603
Change Component Footprint: Designator=C2 Old Footprint=_1206 New Footprint=_0603
Change Component Footprint: Designator=C1 Old Footprint=_1206 New Footprint=_0603
Change Component Comment : Designator=C3 Old Comment=1pF New Comment=1.0
Added Component: Designator=R30(_0603)
Added Component: Designator=R31(_0603)
Added Component: Designator=R32(_0603)
Change Net Name : Old Net Name=Net1_1 New Net Name=Net3_1
Change Net Name : Old Net Name=Net3_1 New Net Name=Net1_1
Change Net Name : Old Net Name=NetC3_2 New Net Name=NetJP1_16
Change Net Name : Old Net Name=NetC4_2 New Net Name=NetJP1_15
Added Pin To Net: NetName=IN6 Pin=JP1-18
Added Pin To Net: NetName=IN6 Pin=R31-2
Added Net: Name=IN6
Added Pin To Net: NetName=NetJP1_13 Pin=JP1-13
Added Pin To Net: NetName=NetJP1_13 Pin=R30-2
Added Net: Name=NetJP1_13
Added Pin To Net: NetName=PB3 Pin=C3-2
Added Pin To Net: NetName=IN1 Pin=JP1-17
Added Pin To Net: NetName=PC3 Pin=R30-1
Added Pin To Net: NetName=PB3 Pin=R31-1
Added Pin To Net: NetName=GND Pin=R32-1
Added Pin To Net: NetName=PB3 Pin=R32-2
Added Member To Class: ClassName=FAT42 Member=Component R30 100R
Added Member To Class: ClassName=FAT42 Member=Component R31 33K
Added Member To Class: ClassName=FAT42 Member=Component R32 2K0
Added Room: Name=FAT42
