Added Component: Designator=C12(_1206)
Added Component: Designator=C13(_1206)
Added Component: Designator=C14(_1206)
Added Component: Designator=C15(_1206)
Added Component: Designator=R16(_1206)
Added Component: Designator=R17(_1206)
Added Component: Designator=R18(_1206)
Added Component: Designator=R19(_1206)
Added Component: Designator=R20(_1206)
Added Component: Designator=R21(_1206)
Added Component: Designator=R22(_1206)
Added Component: Designator=R23(_1206)
Added Pin To Net: NetName=GND Pin=C12-1
Added Pin To Net: NetName=PB3 Pin=C12-2
Added Pin To Net: NetName=GND Pin=C13-1
Added Pin To Net: NetName=PB4 Pin=C13-2
Added Pin To Net: NetName=GND Pin=C14-1
Added Pin To Net: NetName=PB5 Pin=C14-2
Added Pin To Net: NetName=GND Pin=C15-1
Added Pin To Net: NetName=PB5 Pin=C15-2
Added Pin To Net: NetName=PB3 Pin=R16-1
Added Pin To Net: NetName=IN1 Pin=R16-2
Added Pin To Net: NetName=PB4 Pin=R17-1
Added Pin To Net: NetName=IN2 Pin=R17-2
Added Pin To Net: NetName=PB5 Pin=R18-1
Added Pin To Net: NetName=PB5 Pin=R19-1
Added Pin To Net: NetName=GND Pin=R20-1
Added Pin To Net: NetName=PB3 Pin=R20-2
Added Pin To Net: NetName=GND Pin=R21-1
Added Pin To Net: NetName=PB4 Pin=R21-2
Added Pin To Net: NetName=GND Pin=R22-1
Added Pin To Net: NetName=PB5 Pin=R22-2
Added Pin To Net: NetName=GND Pin=R23-1
Added Pin To Net: NetName=PB5 Pin=R23-2
Added Member To Class: ClassName=FAT42 Member=Component C12 1.0
Added Member To Class: ClassName=FAT42 Member=Component C13 1.0
Added Member To Class: ClassName=FAT42 Member=Component C14 1.0
Added Member To Class: ClassName=FAT42 Member=Component C15 1.0
Added Member To Class: ClassName=FAT42 Member=Component R16 39K
Added Member To Class: ClassName=FAT42 Member=Component R17 39K
Added Member To Class: ClassName=FAT42 Member=Component R18 39K
Added Member To Class: ClassName=FAT42 Member=Component R19 39K
Added Member To Class: ClassName=FAT42 Member=Component R20 2K0
Added Member To Class: ClassName=FAT42 Member=Component R21 2K0
Added Member To Class: ClassName=FAT42 Member=Component R22 2K0
Added Member To Class: ClassName=FAT42 Member=Component R23 2K0
