Added Component: Designator=C?(_1206)
Added Component: Designator=C?(_1206)
Added Component: Designator=R?(_1206)
Added Component: Designator=R?(_1206)
Change Net Name : Old Net Name=PC2 New Net Name=PC3
Added Pin To Net: NetName=NetC?_2 Pin=C?-2
Added Pin To Net: NetName=NetC?_2 Pin=JP1-13
Added Pin To Net: NetName=NetC?_2 Pin=R?-2
Added Net: Name=NetC?_2
Added Pin To Net: NetName=NetC?_2 Pin=C?-2
Added Pin To Net: NetName=NetC?_2 Pin=JP1-14
Added Pin To Net: NetName=NetC?_2 Pin=R?-2
Added Net: Name=NetC?_2
Added Pin To Net: NetName=PC1 Pin=R?-1
Added Pin To Net: NetName=PC1 Pin=U1-24
Added Net: Name=PC1
Added Pin To Net: NetName=PC2 Pin=R?-1
Added Pin To Net: NetName=PC2 Pin=U1-25
Added Net: Name=PC2
Added Pin To Net: NetName=GND Pin=C?-1
Added Pin To Net: NetName=GND Pin=C?-1
Added Pin To Net: NetName=NetJP1_17 Pin=JP1-17
Added Member To Class: ClassName=FAT42 Member=Component C? 1.0
Added Member To Class: ClassName=FAT42 Member=Component C? 1.0
Added Member To Class: ClassName=FAT42 Member=Component R? 10K
Added Member To Class: ClassName=FAT42 Member=Component R? 10K
