Added Component: Designator=C9(_1206)
Added Component: Designator=C10(_1206)
Added Component: Designator=C11(_1206)
Added Component: Designator=D1(_1206d)
Added Component: Designator=D2(_1206d)
Added Component: Designator=D3(_1206d)
Added Component: Designator=R10(_1206)
Added Component: Designator=R11(_1206)
Added Component: Designator=R12(_1206)
Added Component: Designator=R13(_1206)
Added Component: Designator=R14(_1206)
Added Component: Designator=R15(_1206)
Change Net Name : Old Net Name=NetJP1_3 New Net Name=ID0
Added Pin To Net: NetName=NetC10_2 Pin=C10-2
Added Pin To Net: NetName=NetC10_2 Pin=D2-2
Added Pin To Net: NetName=NetC10_2 Pin=R12-2
Added Pin To Net: NetName=NetC10_2 Pin=R13-1
Added Net: Name=NetC10_2
Added Pin To Net: NetName=NetC11_2 Pin=C11-2
Added Pin To Net: NetName=NetC11_2 Pin=D3-2
Added Pin To Net: NetName=NetC11_2 Pin=R14-2
Added Pin To Net: NetName=NetC11_2 Pin=R15-1
Added Net: Name=NetC11_2
Added Pin To Net: NetName=GND Pin=C9-1
Added Pin To Net: NetName=NetC9_2 Pin=C9-2
Added Pin To Net: NetName=GND Pin=C10-1
Added Pin To Net: NetName=GND Pin=C11-1
Added Pin To Net: NetName=GND Pin=D1-1
Added Pin To Net: NetName=NetC9_2 Pin=D1-2
Added Pin To Net: NetName=GND Pin=D2-1
Added Pin To Net: NetName=GND Pin=D3-1
Added Pin To Net: NetName=ID1 Pin=JP1-4
Added Pin To Net: NetName=ID2 Pin=JP1-5
Added Pin To Net: NetName=NetJP1_17 Pin=JP1-17
Added Pin To Net: NetName=+5V Pin=R10-1
Added Pin To Net: NetName=NetC9_2 Pin=R10-2
Added Pin To Net: NetName=NetC9_2 Pin=R11-1
Added Pin To Net: NetName=+5V Pin=R12-1
Added Pin To Net: NetName=ID1 Pin=R13-2
Added Pin To Net: NetName=+5V Pin=R14-1
Added Pin To Net: NetName=ID2 Pin=R15-2
Added Member To Class: ClassName=FAT42 Member=Component C9 1.0
Added Member To Class: ClassName=FAT42 Member=Component C10 1.0
Added Member To Class: ClassName=FAT42 Member=Component C11 1.0
Added Member To Class: ClassName=FAT42 Member=Component D1 C5v6
Added Member To Class: ClassName=FAT42 Member=Component D2 C5v6
Added Member To Class: ClassName=FAT42 Member=Component D3 C5v6
Added Member To Class: ClassName=FAT42 Member=Component R10 10K
Added Member To Class: ClassName=FAT42 Member=Component R11 100R
Added Member To Class: ClassName=FAT42 Member=Component R12 10K
Added Member To Class: ClassName=FAT42 Member=Component R13 100R
Added Member To Class: ClassName=FAT42 Member=Component R14 10K
Added Member To Class: ClassName=FAT42 Member=Component R15 100R
