Removed Pin From Net: NetName=NetC5_2 Pin=C5-2
Removed Pin From Net: NetName=NetC5_2 Pin=JP1-2
Removed Pin From Net: NetName=+5V Pin=U1-12
Removed Pin From Net: NetName=NetC5_2 Pin=U3-1
Removed Pin From Net: NetName=+5V Pin=U3-3
Removed Pin From Net: NetName=GND Pin=U3-4
Removed Member From Class: ClassName=FAT42 Member=U3
Added Component: Designator=C18(_1206)
Added Component: Designator=D4(SO-G8)
Added Component: Designator=Q1(SO-G3)
Added Component: Designator=R26(_1206)
Added Component: Designator=R27(_1206)
Added Component: Designator=R28(_1206)
Change Net Name : Old Net Name=Net1_1 New Net Name=Net3_1
Change Net Name : Old Net Name=Net3_1 New Net Name=Net1_1
Change Net Name : Old Net Name=NetC5_2 New Net Name=NetD4_1
Added Pin To Net: NetName=NetD4_8 Pin=D4-8
Added Pin To Net: NetName=NetD4_8 Pin=R27-1
Added Pin To Net: NetName=NetD4_8 Pin=R28-2
Added Net: Name=NetD4_8
Added Pin To Net: NetName=UREF Pin=C18-2
Added Pin To Net: NetName=UREF Pin=Q1-2
Added Pin To Net: NetName=UREF Pin=R27-2
Added Pin To Net: NetName=UREF Pin=U1-12
Added Net: Name=UREF
Added Pin To Net: NetName=+5V Pin=C5-2
Added Pin To Net: NetName=GND Pin=C18-1
Added Pin To Net: NetName=GND Pin=D4-2
Added Pin To Net: NetName=GND Pin=D4-3
Added Pin To Net: NetName=GND Pin=D4-6
Added Pin To Net: NetName=GND Pin=D4-7
Added Pin To Net: NetName=+5V Pin=JP1-2
Added Pin To Net: NetName=+5V Pin=Q1-3
Added Pin To Net: NetName=+5V Pin=R26-1
Added Pin To Net: NetName=GND Pin=R28-1
Added Member To Class: ClassName=FAT42 Member=Component C18 1.0
Added Member To Class: ClassName=FAT42 Member=Component D4 TL431ACD
Added Member To Class: ClassName=FAT42 Member=Component Q1 BC847
Added Member To Class: ClassName=FAT42 Member=Component R26 1K0
Added Member To Class: ClassName=FAT42 Member=Component R27 1K0
Added Member To Class: ClassName=FAT42 Member=Component R28 1K0
