Added Component: Designator=C20(_1206)
Added Component: Designator=C21(_1206)
Added Component: Designator=C22(_1206)
Added Component: Designator=C23(_1206)
Added Component: Designator=R25(_1206)
Change Net Name : Old Net Name=Net1_1 New Net Name=Net3_1
Change Net Name : Old Net Name=Net3_1 New Net Name=Net1_1
Added Pin To Net: NetName=+5V Pin=C20-1
Added Pin To Net: NetName=GND Pin=C20-2
Added Pin To Net: NetName=+5V Pin=C21-1
Added Pin To Net: NetName=GND Pin=C21-2
Added Pin To Net: NetName=NetC22_1 Pin=C22-1
Added Pin To Net: NetName=Net1_1 Pin=C22-2
Added Pin To Net: NetName=NetC23_1 Pin=C23-1
Added Pin To Net: NetName=Net1_1 Pin=C23-2
Added Pin To Net: NetName=NetC23_1 Pin=R25-1
Added Pin To Net: NetName=Net2_1 Pin=R25-2
Added Member To Class: ClassName=FAT42 Member=Component C20 22.0
Added Member To Class: ClassName=FAT42 Member=Component C21 22.0
Added Member To Class: ClassName=FAT42 Member=Component C22 22.0
Added Member To Class: ClassName=FAT42 Member=Component C23 100n
Added Member To Class: ClassName=FAT42 Member=Component R25 60R
