Removed Pin From Net: NetName=IN0 Pin=JP1-12
Removed Pin From Net: NetName=PB5 Pin=U1-16
Added Component: Designator=C12(_1206)
Added Component: Designator=C13(_1206)
Added Component: Designator=C14(_1206)
Added Component: Designator=C15(_1206)
Added Component: Designator=R16(_1206)
Added Component: Designator=R17(_1206)
Added Component: Designator=R18(_1206)
Added Component: Designator=R19(_1206)
Added Component: Designator=R20(_1206)
Added Component: Designator=R21(_1206)
Added Component: Designator=R22(_1206)
Added Component: Designator=R23(_1206)
Change Net Name : Old Net Name=PB5 New Net Name=PB2
Added Pin To Net: NetName=IN1 Pin=JP1-13
Added Net: Name=IN1
Added Pin To Net: NetName=IN2 Pin=JP1-12
Added Net: Name=IN2
Added Pin To Net: NetName=PB3 Pin=U1-18
Added Net: Name=PB3
Added Pin To Net: NetName=PB4 Pin=U1-17
Added Net: Name=PB4
Added Pin To Net: NetName=PB5 Pin=U1-16
Added Net: Name=PB5
Added Pin To Net: NetName=IN0 Pin=JP1-14
Added Pin To Net: NetName=PB5 Pin=U1-19
