Added Component: Designator=C?(_1206)
Added Component: Designator=C?(_1206)
Added Component: Designator=Y1(QWARZ1)
Added Pin To Net: NetName=PA1 Pin=C?-2
Added Pin To Net: NetName=PA1 Pin=U1-2
Added Pin To Net: NetName=PA1 Pin=Y1-1
Added Net: Name=PA1
Added Pin To Net: NetName=PA2 Pin=C?-2
Added Pin To Net: NetName=PA2 Pin=U1-3
Added Pin To Net: NetName=PA2 Pin=Y1-2
Added Net: Name=PA2
Added Pin To Net: NetName=GND Pin=C?-1
Added Pin To Net: NetName=GND Pin=C?-1
Added Pin To Net: NetName=NetJP1_17 Pin=JP1-17
Added Pin To Net: NetName=GND Pin=U1-4
Added Pin To Net: NetName=GND Pin=U1-5
Added Pin To Net: NetName=+5V Pin=U1-7
Added Pin To Net: NetName=+5V Pin=U1-8
Added Pin To Net: NetName=GND Pin=U1-13
Added Pin To Net: NetName=GND Pin=U1-28
Added Pin To Net: NetName=+5V Pin=U1-29
Added Member To Class: ClassName=FAT42 Member=Component C? 10pF
Added Member To Class: ClassName=FAT42 Member=Component C? 10pF
Added Member To Class: ClassName=FAT42 Member=Component Y1 10MHz
