Change Component Comment : Designator=C24 Old Comment=0.1 New Comment=1.0
Change Component Comment : Designator=C4 Old Comment=1.0 New Comment=1pF
Change Component Comment : Designator=C3 Old Comment=1.0 New Comment=1pF
Change Component Comment : Designator=R28 Old Comment=1K0 New Comment=1K8
Change Component Comment : Designator=R23 Old Comment=2K0 New Comment=1K5
Change Component Comment : Designator=R21 Old Comment=2K0 New Comment=1K5
Change Component Comment : Designator=R24 Old Comment=2K0 New Comment=100M
Change Component Comment : Designator=R14 Old Comment=10K New Comment=1K0
Change Component Comment : Designator=R12 Old Comment=10K New Comment=1K0
Change Component Comment : Designator=R10 Old Comment=10K New Comment=1K0
Change Component Comment : Designator=R7 Old Comment=10K New Comment=100R
Change Component Comment : Designator=R6 Old Comment=10K New Comment=100R
Change Component Comment : Designator=R8 Old Comment=39K New Comment=1R0
Change Component Comment : Designator=R19 Old Comment=39K New Comment=33K
Change Component Comment : Designator=R17 Old Comment=39K New Comment=33K
Change Component Comment : Designator=R16 Old Comment=39K New Comment=33K
Change Component Comment : Designator=R18 Old Comment=39K New Comment=100R
Change Component Comment : Designator=R25 Old Comment=60R New Comment=560R
Change Component Comment : Designator=R3 Old Comment=60R New Comment=560R
Change Net Name : Old Net Name=Net1_1 New Net Name=Net3_1
Change Net Name : Old Net Name=Net3_1 New Net Name=Net1_1
Added Pin To Net: NetName=IN1 Pin=U1-26
