Removed Pin From Net: NetName=GND Pin=C5-1
Removed Pin From Net: NetName=+5V Pin=C5-2
Removed Pin From Net: NetName=GND Pin=C18-1
Removed Pin From Net: NetName=UREF Pin=C18-2
Removed Pin From Net: NetName=+5V Pin=C20-1
Removed Pin From Net: NetName=GND Pin=C20-2
Removed Pin From Net: NetName=+5V Pin=C21-1
Removed Pin From Net: NetName=GND Pin=C21-2
Removed Pin From Net: NetName=GND Pin=C24-1
Removed Pin From Net: NetName=UREF Pin=Q1-2
Removed Pin From Net: NetName=+5V Pin=Q1-3
Removed Pin From Net: NetName=+5V Pin=R26-1
Removed Pin From Net: NetName=UREF Pin=R27-2
Removed Pin From Net: NetName=+5V Pin=R29-1
Added Component: Designator=C1(el3)
Added Component: Designator=C2(el3)
Added Component: Designator=U1(SIP-G3/C7)
Added Component: Designator=X1(PIN1)
Added Component: Designator=X2(PIN1)
Added Component: Designator=X3(PIN1)
Added Component: Designator=X4(PIN1)
Change Net Name : Old Net Name=+5V New Net Name=NetC1_2
Change Net Name : Old Net Name=GND New Net Name=NetC1_1
Change Net Name : Old Net Name=UREF New Net Name=NetC2_1
Added Class: Name=HE
Added Room: Name=HE
