Removed Pin From Net: NetName=Net1_1 Pin=3-1
Removed Pin From Net: NetName=GND Pin=C1-1
Removed Pin From Net: NetName=GND Pin=C2-1
Removed Pin From Net: NetName=GND Pin=C3-1
Removed Pin From Net: NetName=GND Pin=C4-1
Removed Pin From Net: NetName=GND Pin=C5-1
Removed Pin From Net: NetName=+5V Pin=C5-2
Removed Pin From Net: NetName=GND Pin=C6-1
Removed Pin From Net: NetName=+5V Pin=C6-2
Removed Pin From Net: NetName=GND Pin=C7-1
Removed Pin From Net: NetName=+5V Pin=C7-2
Removed Pin From Net: NetName=GND Pin=C8-1
Removed Pin From Net: NetName=GND Pin=C9-1
Removed Pin From Net: NetName=GND Pin=C10-1
Removed Pin From Net: NetName=GND Pin=C11-1
Removed Pin From Net: NetName=GND Pin=C12-1
Removed Pin From Net: NetName=GND Pin=C13-1
Removed Pin From Net: NetName=GND Pin=C14-1
Removed Pin From Net: NetName=GND Pin=C15-1
Removed Pin From Net: NetName=GND Pin=C16-1
Removed Pin From Net: NetName=GND Pin=C17-1
Removed Pin From Net: NetName=GND Pin=C18-1
Removed Pin From Net: NetName=+5V Pin=C19-1
Removed Pin From Net: NetName=GND Pin=C19-2
Removed Pin From Net: NetName=+5V Pin=C20-1
Removed Pin From Net: NetName=GND Pin=C20-2
Removed Pin From Net: NetName=+5V Pin=C21-1
Removed Pin From Net: NetName=GND Pin=C21-2
Removed Pin From Net: NetName=Net1_1 Pin=C22-2
Removed Pin From Net: NetName=Net1_1 Pin=C23-2
Removed Pin From Net: NetName=GND Pin=C24-1
Removed Pin From Net: NetName=GND Pin=D1-1
Removed Pin From Net: NetName=GND Pin=D2-1
Removed Pin From Net: NetName=GND Pin=D3-1
Removed Pin From Net: NetName=GND Pin=D4-2
Removed Pin From Net: NetName=GND Pin=D4-3
Removed Pin From Net: NetName=GND Pin=D4-6
Removed Pin From Net: NetName=GND Pin=D4-7
Removed Pin From Net: NetName=GND Pin=J1-1
Removed Pin From Net: NetName=GND Pin=J2-1
Removed Pin From Net: NetName=GND Pin=JP1-1
Removed Pin From Net: NetName=+5V Pin=JP1-2
Removed Pin From Net: NetName=GND Pin=JP1-19
Removed Pin From Net: NetName=+5V Pin=JP2-1
Removed Pin From Net: NetName=GND Pin=JP2-5
Removed Pin From Net: NetName=+5V Pin=Q1-3
Removed Pin From Net: NetName=Net1_1 Pin=R1-2
Removed Pin From Net: NetName=Net1_1 Pin=R2-1
Removed Pin From Net: NetName=GND Pin=R9-1
Removed Pin From Net: NetName=+5V Pin=R10-1
Removed Pin From Net: NetName=+5V Pin=R12-1
Removed Pin From Net: NetName=+5V Pin=R14-1
Removed Pin From Net: NetName=GND Pin=R20-1
Removed Pin From Net: NetName=GND Pin=R21-1
Removed Pin From Net: NetName=+5V Pin=R22-2
Removed Pin From Net: NetName=GND Pin=R23-1
Removed Pin From Net: NetName=GND Pin=R24-1
Removed Pin From Net: NetName=+5V Pin=R26-1
Removed Pin From Net: NetName=GND Pin=R28-1
Removed Pin From Net: NetName=+5V Pin=R29-1
Removed Pin From Net: NetName=GND Pin=U1-5
Removed Pin From Net: NetName=+5V Pin=U1-7
Removed Pin From Net: NetName=+5V Pin=U1-8
Removed Pin From Net: NetName=GND Pin=U1-13
Removed Pin From Net: NetName=GND Pin=U1-28
Removed Pin From Net: NetName=+5V Pin=U1-29
Removed Pin From Net: NetName=Net1_1 Pin=U2-2
Removed Pin From Net: NetName=Net1_1 Pin=U2-8
Removed Pin From Net: NetName=+5V Pin=U3-1
Removed Pin From Net: NetName=GND Pin=U3-2
Removed Pin From Net: NetName=GND Pin=U3-8
Removed Pin From Net: NetName=Net1_1 Pin=U3-9
Removed Pin From Net: NetName=Net1_1 Pin=U3-15
Removed Pin From Net: NetName=GND Pin=U4-2
Removed Pin From Net: NetName=+5V Pin=U4-5
Removed Pin From Net: NetName=GND Pin=U5-1
Removed Pin From Net: NetName=+5V Pin=U5-2
Removed Pin From Net: NetName=Net1_1 Pin=U5-4
Removed Pin From Net: NetName=Net1_1 Pin=U5-4
Change Component Footprint: Designator=C2 Old Footprint=_1206 New Footprint=el3
Change Component Footprint: Designator=C1 Old Footprint=_1206 New Footprint=el3
Change Component Comment : Designator=U1 Old Comment=STM8S208S6 New Comment=MC78M05CDT
Added Component: Designator=X1(PIN1)
Added Component: Designator=X2(PIN1)
Added Component: Designator=X3(PIN1)
Added Component: Designator=X4(PIN1)
Change Net Name : Old Net Name=+5V New Net Name=NetC1_1
Change Net Name : Old Net Name=GND New Net Name=NetC1_2
Change Net Name : Old Net Name=Net1_1 New Net Name=NetC2_1
Added Class: Name=HE
Added Room: Name=HE
